<?xml version="1.0" encoding="UTF-8"?>
<!-- Generated by org.testng.reporters.JUnitXMLReporter -->
<testsuite ignored="1" hostname="LAPTOP-AC9SBVPN" failures="0" tests="3" name="Default test" time="66.654" errors="0" timestamp="2021-12-11T14:50:23 IST">
  <testcase classname="com.testcases.LoginPageTest" name="validateLoginTest" time="10.683"/>
  <testcase classname="com.testcases.LoginPageTest" name="validateLoginTest" time="21.223"/>
  <testcase classname="com.testcases.LoginPageTest" name="validateLoginTest" time="21.248"/>
  <testcase classname="com.testcases.LoginPageTest" name="titleTest" time="0.0">
    <ignored/>
  </testcase> <!-- titleTest -->
</testsuite> <!-- Default test -->
