<?xml version="1.0" encoding="UTF-8"?>
<!-- Generated by org.testng.reporters.JUnitXMLReporter -->
<testsuite ignored="0" hostname="LAPTOP-AC9SBVPN" failures="0" tests="9" name="Test" time="405.006" errors="0" timestamp="2021-12-11T14:59:54 IST">
  <testcase classname="com.testcases.LoginPageTest" name="titleTest" time="0.023"/>
  <testcase classname="com.testcases.LoginPageTest" name="validateLoginTest" time="61.482"/>
  <testcase classname="com.testcases.LoginPageTest" name="validateLoginTest" time="60.849"/>
  <testcase classname="com.testcases.LoginPageTest" name="validateLoginTest" time="61.338"/>
  <testcase classname="com.testcases.SearchTest" name="searchItems" time="41.592"/>
  <testcase classname="com.testcases.SearchTest" name="searchItems" time="42.301"/>
  <testcase classname="com.testcases.SearchTest" name="searchItems" time="40.228"/>
  <testcase classname="com.testcases.SearchTest" name="searchItems" time="42.67"/>
  <testcase classname="com.testcases.SortTestDOW" name="dowSortItems" time="25.14"/>
</testsuite> <!-- Test -->
