<?xml version="1.0" encoding="UTF-8"?>
<testng-results ignored="0" total="9" passed="9" failed="0" skipped="0">
  <reporter-output>
  </reporter-output>
  <suite started-at="2021-12-11T14:53:09 IST" name="Suite" finished-at="2021-12-11T14:59:54 IST" duration-ms="405006">
    <groups>
    </groups>
    <test started-at="2021-12-11T14:53:09 IST" name="Test" finished-at="2021-12-11T14:59:54 IST" duration-ms="405006">
      <class name="com.testcases.SearchTest">
        <test-method is-config="true" signature="reportSetup()[pri:0, instance:com.testcases.SearchTest@52719fb6]" started-at="2021-12-11T14:53:09 IST" name="reportSetup" finished-at="2021-12-11T14:53:09 IST" duration-ms="1" status="PASS">
          <reporter-output>
          </reporter-output>
        </test-method> <!-- reportSetup -->
        <test-method is-config="true" signature="launchBrowser()[pri:0, instance:com.testcases.SearchTest@52719fb6]" started-at="2021-12-11T14:56:32 IST" name="launchBrowser" finished-at="2021-12-11T14:56:37 IST" duration-ms="4392" status="PASS">
          <reporter-output>
          </reporter-output>
        </test-method> <!-- launchBrowser -->
        <test-method signature="searchItems(java.lang.String)[pri:0, instance:com.testcases.SearchTest@52719fb6]" started-at="2021-12-11T14:56:37 IST" name="searchItems" data-provider="getData" finished-at="2021-12-11T14:57:18 IST" duration-ms="41592" status="PASS">
          <params>
            <param index="0">
              <value>
                <![CDATA[Apples]]>
              </value>
            </param>
          </params>
          <reporter-output>
          </reporter-output>
        </test-method> <!-- searchItems -->
        <test-method signature="searchItems(java.lang.String)[pri:0, instance:com.testcases.SearchTest@52719fb6]" started-at="2021-12-11T14:57:18 IST" name="searchItems" data-provider="getData" finished-at="2021-12-11T14:58:01 IST" duration-ms="42301" status="PASS">
          <params>
            <param index="0">
              <value>
                <![CDATA[Mangos]]>
              </value>
            </param>
          </params>
          <reporter-output>
          </reporter-output>
        </test-method> <!-- searchItems -->
        <test-method signature="searchItems(java.lang.String)[pri:0, instance:com.testcases.SearchTest@52719fb6]" started-at="2021-12-11T14:58:01 IST" name="searchItems" data-provider="getData" finished-at="2021-12-11T14:58:41 IST" duration-ms="40228" status="PASS">
          <params>
            <param index="0">
              <value>
                <![CDATA[Carrots]]>
              </value>
            </param>
          </params>
          <reporter-output>
          </reporter-output>
        </test-method> <!-- searchItems -->
        <test-method signature="searchItems(java.lang.String)[pri:0, instance:com.testcases.SearchTest@52719fb6]" started-at="2021-12-11T14:58:41 IST" name="searchItems" data-provider="getData" finished-at="2021-12-11T14:59:24 IST" duration-ms="42670" status="PASS">
          <params>
            <param index="0">
              <value>
                <![CDATA[Masala]]>
              </value>
            </param>
          </params>
          <reporter-output>
          </reporter-output>
        </test-method> <!-- searchItems -->
        <test-method is-config="true" signature="closeSetup()[pri:0, instance:com.testcases.SearchTest@52719fb6]" started-at="2021-12-11T14:59:24 IST" name="closeSetup" finished-at="2021-12-11T14:59:24 IST" duration-ms="371" status="PASS">
          <reporter-output>
          </reporter-output>
        </test-method> <!-- closeSetup -->
        <test-method is-config="true" signature="closeReportSetup()[pri:0, instance:com.testcases.SearchTest@52719fb6]" started-at="2021-12-11T14:59:54 IST" name="closeReportSetup" finished-at="2021-12-11T14:59:54 IST" duration-ms="18" status="PASS">
          <reporter-output>
          </reporter-output>
        </test-method> <!-- closeReportSetup -->
      </class> <!-- com.testcases.SearchTest -->
      <class name="com.testcases.LoginPageTest">
        <test-method is-config="true" signature="reportSetup()[pri:0, instance:com.testcases.LoginPageTest@5d534f5d]" started-at="2021-12-11T14:53:09 IST" name="reportSetup" finished-at="2021-12-11T14:53:09 IST" duration-ms="227" status="PASS">
          <reporter-output>
          </reporter-output>
        </test-method> <!-- reportSetup -->
        <test-method is-config="true" signature="launchBrowser()[pri:0, instance:com.testcases.LoginPageTest@5d534f5d]" started-at="2021-12-11T14:53:09 IST" name="launchBrowser" finished-at="2021-12-11T14:53:16 IST" duration-ms="6133" status="PASS">
          <reporter-output>
          </reporter-output>
        </test-method> <!-- launchBrowser -->
        <test-method signature="titleTest()[pri:0, instance:com.testcases.LoginPageTest@5d534f5d]" started-at="2021-12-11T14:53:16 IST" name="titleTest" finished-at="2021-12-11T14:53:16 IST" duration-ms="23" status="PASS">
          <reporter-output>
          </reporter-output>
        </test-method> <!-- titleTest -->
        <test-method is-config="true" signature="closeSetup()[pri:0, instance:com.testcases.LoginPageTest@5d534f5d]" started-at="2021-12-11T14:53:16 IST" name="closeSetup" finished-at="2021-12-11T14:53:16 IST" duration-ms="134" status="PASS">
          <reporter-output>
          </reporter-output>
        </test-method> <!-- closeSetup -->
        <test-method is-config="true" signature="launchBrowser()[pri:0, instance:com.testcases.LoginPageTest@5d534f5d]" started-at="2021-12-11T14:53:16 IST" name="launchBrowser" finished-at="2021-12-11T14:53:20 IST" duration-ms="3936" status="PASS">
          <reporter-output>
          </reporter-output>
        </test-method> <!-- launchBrowser -->
        <test-method signature="validateLoginTest(java.lang.String)[pri:0, instance:com.testcases.LoginPageTest@5d534f5d]" started-at="2021-12-11T14:53:20 IST" name="validateLoginTest" data-provider="getData" finished-at="2021-12-11T14:54:22 IST" duration-ms="61482" status="PASS">
          <params>
            <param index="0">
              <value>
                <![CDATA[pleaseentermailid]]>
              </value>
            </param>
          </params>
          <reporter-output>
          </reporter-output>
        </test-method> <!-- validateLoginTest -->
        <test-method is-config="true" signature="closeSetup()[pri:0, instance:com.testcases.LoginPageTest@5d534f5d]" started-at="2021-12-11T14:54:22 IST" name="closeSetup" finished-at="2021-12-11T14:54:22 IST" duration-ms="152" status="PASS">
          <reporter-output>
          </reporter-output>
        </test-method> <!-- closeSetup -->
        <test-method is-config="true" signature="launchBrowser()[pri:0, instance:com.testcases.LoginPageTest@5d534f5d]" started-at="2021-12-11T14:54:22 IST" name="launchBrowser" finished-at="2021-12-11T14:54:26 IST" duration-ms="4279" status="PASS">
          <reporter-output>
          </reporter-output>
        </test-method> <!-- launchBrowser -->
        <test-method signature="validateLoginTest(java.lang.String)[pri:0, instance:com.testcases.LoginPageTest@5d534f5d]" started-at="2021-12-11T14:54:26 IST" name="validateLoginTest" data-provider="getData" finished-at="2021-12-11T14:55:27 IST" duration-ms="60849" status="PASS">
          <params>
            <param index="0">
              <value>
                <![CDATA[email2]]>
              </value>
            </param>
          </params>
          <reporter-output>
          </reporter-output>
        </test-method> <!-- validateLoginTest -->
        <test-method is-config="true" signature="closeSetup()[pri:0, instance:com.testcases.LoginPageTest@5d534f5d]" started-at="2021-12-11T14:55:27 IST" name="closeSetup" finished-at="2021-12-11T14:55:27 IST" duration-ms="157" status="PASS">
          <reporter-output>
          </reporter-output>
        </test-method> <!-- closeSetup -->
        <test-method is-config="true" signature="launchBrowser()[pri:0, instance:com.testcases.LoginPageTest@5d534f5d]" started-at="2021-12-11T14:55:27 IST" name="launchBrowser" finished-at="2021-12-11T14:55:31 IST" duration-ms="3793" status="PASS">
          <reporter-output>
          </reporter-output>
        </test-method> <!-- launchBrowser -->
        <test-method signature="validateLoginTest(java.lang.String)[pri:0, instance:com.testcases.LoginPageTest@5d534f5d]" started-at="2021-12-11T14:55:31 IST" name="validateLoginTest" data-provider="getData" finished-at="2021-12-11T14:56:32 IST" duration-ms="61338" status="PASS">
          <params>
            <param index="0">
              <value>
                <![CDATA[email3]]>
              </value>
            </param>
          </params>
          <reporter-output>
          </reporter-output>
        </test-method> <!-- validateLoginTest -->
        <test-method is-config="true" signature="closeSetup()[pri:0, instance:com.testcases.LoginPageTest@5d534f5d]" started-at="2021-12-11T14:56:32 IST" name="closeSetup" finished-at="2021-12-11T14:56:32 IST" duration-ms="145" status="PASS">
          <reporter-output>
          </reporter-output>
        </test-method> <!-- closeSetup -->
        <test-method is-config="true" signature="closeReportSetup()[pri:0, instance:com.testcases.LoginPageTest@5d534f5d]" started-at="2021-12-11T14:59:54 IST" name="closeReportSetup" finished-at="2021-12-11T14:59:54 IST" duration-ms="271" status="PASS">
          <reporter-output>
          </reporter-output>
        </test-method> <!-- closeReportSetup -->
      </class> <!-- com.testcases.LoginPageTest -->
      <class name="com.testcases.SortTestDOW">
        <test-method is-config="true" signature="reportSetup()[pri:0, instance:com.testcases.SortTestDOW@3012646b]" started-at="2021-12-11T14:53:09 IST" name="reportSetup" finished-at="2021-12-11T14:53:09 IST" duration-ms="0" status="PASS">
          <reporter-output>
          </reporter-output>
        </test-method> <!-- reportSetup -->
        <test-method is-config="true" signature="launchBrowser()[pri:0, instance:com.testcases.SortTestDOW@3012646b]" started-at="2021-12-11T14:59:24 IST" name="launchBrowser" finished-at="2021-12-11T14:59:29 IST" duration-ms="4639" status="PASS">
          <reporter-output>
          </reporter-output>
        </test-method> <!-- launchBrowser -->
        <test-method signature="dowSortItems()[pri:0, instance:com.testcases.SortTestDOW@3012646b]" started-at="2021-12-11T14:59:29 IST" name="dowSortItems" finished-at="2021-12-11T14:59:54 IST" duration-ms="25140" status="PASS">
          <reporter-output>
          </reporter-output>
        </test-method> <!-- dowSortItems -->
        <test-method is-config="true" signature="closeSetup()[pri:0, instance:com.testcases.SortTestDOW@3012646b]" started-at="2021-12-11T14:59:54 IST" name="closeSetup" finished-at="2021-12-11T14:59:54 IST" duration-ms="218" status="PASS">
          <reporter-output>
          </reporter-output>
        </test-method> <!-- closeSetup -->
        <test-method is-config="true" signature="closeReportSetup()[pri:0, instance:com.testcases.SortTestDOW@3012646b]" started-at="2021-12-11T14:59:54 IST" name="closeReportSetup" finished-at="2021-12-11T14:59:54 IST" duration-ms="13" status="PASS">
          <reporter-output>
          </reporter-output>
        </test-method> <!-- closeReportSetup -->
      </class> <!-- com.testcases.SortTestDOW -->
    </test> <!-- Test -->
  </suite> <!-- Suite -->
</testng-results>
