<?xml version="1.0" encoding="UTF-8"?>
<testng-results ignored="0" total="1" passed="1" failed="0" skipped="0">
  <reporter-output>
  </reporter-output>
  <suite started-at="2021-12-12T14:11:30 IST" name="Default suite" finished-at="2021-12-12T14:13:46 IST" duration-ms="136006">
    <groups>
    </groups>
    <test started-at="2021-12-12T14:11:30 IST" name="Default test" finished-at="2021-12-12T14:13:46 IST" duration-ms="136006">
      <class name="com.testcases.OrderItemTest">
        <test-method is-config="true" signature="reportSetup()[pri:0, instance:com.testcases.OrderItemTest@5d534f5d]" started-at="2021-12-12T14:11:30 IST" name="reportSetup" finished-at="2021-12-12T14:11:31 IST" duration-ms="249" status="PASS">
          <reporter-output>
          </reporter-output>
        </test-method> <!-- reportSetup -->
        <test-method is-config="true" signature="launchBrowser()[pri:0, instance:com.testcases.OrderItemTest@5d534f5d]" started-at="2021-12-12T14:11:31 IST" name="launchBrowser" finished-at="2021-12-12T14:11:37 IST" duration-ms="5657" status="PASS">
          <reporter-output>
          </reporter-output>
        </test-method> <!-- launchBrowser -->
        <test-method signature="orderItemsTest(java.lang.String)[pri:0, instance:com.testcases.OrderItemTest@5d534f5d]" started-at="2021-12-12T14:11:37 IST" name="orderItemsTest" data-provider="getData" finished-at="2021-12-12T14:13:46 IST" duration-ms="128987" status="PASS">
          <params>
            <param index="0">
              <value>
                <![CDATA[bigbasketfinalproject@gmail.com]]>
              </value>
            </param>
          </params>
          <reporter-output>
          </reporter-output>
        </test-method> <!-- orderItemsTest -->
        <test-method is-config="true" signature="closeSetup()[pri:0, instance:com.testcases.OrderItemTest@5d534f5d]" started-at="2021-12-12T14:13:46 IST" name="closeSetup" finished-at="2021-12-12T14:13:46 IST" duration-ms="304" status="PASS">
          <reporter-output>
          </reporter-output>
        </test-method> <!-- closeSetup -->
        <test-method is-config="true" signature="closeReportSetup()[pri:0, instance:com.testcases.OrderItemTest@5d534f5d]" started-at="2021-12-12T14:13:46 IST" name="closeReportSetup" finished-at="2021-12-12T14:13:46 IST" duration-ms="278" status="PASS">
          <reporter-output>
          </reporter-output>
        </test-method> <!-- closeReportSetup -->
      </class> <!-- com.testcases.OrderItemTest -->
    </test> <!-- Default test -->
  </suite> <!-- Default suite -->
</testng-results>
